# JRE version: Java(TM) SE Runtime Environment (17.0.12+8) (build 17.0.12+8-LTS-286)
# Java VM: Java HotSpot(TM) 64-Bit Server VM (17.0.12+8-LTS-286, mixed mode, sharing, tiered, compressed oops, compressed class ptrs, g1 gc, windows-amd64)
GC Precious Log:
 CPUs: 4 total, 4 available
 Memory: 8077M
 Large Page Support: Disabled
 NUMA Support: Disabled
 Compressed Oops: Enabled (32-bit)
 Heap Region Size: 1M
 Heap Min Capacity: 8M
 Heap Initial Capacity: 128M
 Heap Max Capacity: 2020M
 Pre-touch: Disabled
 Parallel Workers: 4
 Concurrent Workers: 1
 Concurrent Refinement Workers: 4
 Periodic GC: Disabled
Heap:
 garbage-first heap   total 172032K, used 128921K [0x0000000081c00000, 0x0000000100000000)
  region size 1024K, 58 young (59392K), 5 survivors (5120K)
 Metaspace       used 31959K, committed 32320K, reserved 1114112K
  class space    used 3729K, committed 3904K, reserved 1048576K
GC Heap History (20 events):
Event: 1.234 GC heap before
{Heap before GC invocations=1 (full 0):
 garbage-first heap   total 131072K, used 15461K [0x0000000081c00000, 0x0000000100000000)
  region size 1024K, 14 young (14336K), 2 survivors (2048K)
 Metaspace       used 5578K, committed 5760K, reserved 1114112K
  class space    used 677K, committed 768K, reserved 1048576K
}
Event: 1.239 GC heap after
{Heap after GC invocations=2 (full 0):
 garbage-first heap   total 131072K, used 3954K [0x0000000081c00000, 0x0000000100000000)
  region size 1024K, 1 young (1024K), 1 survivors (1024K)
 Metaspace       used 5578K, committed 5760K, reserved 1114112K
  class space    used 677K, committed 768K, reserved 1048576K
}
Event: 2.170 GC heap before
{Heap before GC invocations=2 (full 0):
 garbage-first heap   total 131072K, used 33650K [0x0000000081c00000, 0x0000000100000000)
  region size 1024K, 30 young (30720K), 1 survivors (1024K)
 Metaspace       used 10021K, committed 10176K, reserved 1114112K
  class space    used 1223K, committed 1280K, reserved 1048576K
}
Event: 2.174 GC heap after
{Heap after GC invocations=3 (full 0):
 garbage-first heap   total 131072K, used 5559K [0x0000000081c00000, 0x0000000100000000)
  region size 1024K, 3 young (3072K), 3 survivors (3072K)
 Metaspace       used 10021K, committed 10176K, reserved 1114112K
  class space    used 1223K, committed 1280K, reserved 1048576K
}
Event: 5.155 GC heap before
{Heap before GC invocations=3 (full 0):
 garbage-first heap   total 131072K, used 80311K [0x0000000081c00000, 0x0000000100000000)
  region size 1024K, 76 young (77824K), 3 survivors (3072K)
 Metaspace       used 15713K, committed 15872K, reserved 1114112K
  class space    used 1865K, committed 1920K, reserved 1048576K
}
Event: 5.172 GC heap after
{Heap after GC invocations=4 (full 0):
 garbage-first heap   total 131072K, used 12518K [0x0000000081c00000, 0x0000000100000000)
  region size 1024K, 9 young (9216K), 9 survivors (9216K)
 Metaspace       used 15713K, committed 15872K, reserved 1114112K
  class space    used 1865K, committed 1920K, reserved 1048576K
}
Event: 7.686 GC heap before
{Heap before GC invocations=4 (full 0):
 garbage-first heap   total 131072K, used 82150K [0x0000000081c00000, 0x0000000100000000)
  region size 1024K, 74 young (75776K), 9 survivors (9216K)
 Metaspace       used 21216K, committed 21504K, reserved 1114112K
  class space    used 2496K, committed 2624K, reserved 1048576K
}
Event: 7.709 GC heap after
{Heap after GC invocations=5 (full 0):
 garbage-first heap   total 131072K, used 22875K [0x0000000081c00000, 0x0000000100000000)
  region size 1024K, 7 young (7168K), 7 survivors (7168K)
 Metaspace       used 21216K, committed 21504K, reserved 1114112K
  class space    used 2496K, committed 2624K, reserved 1048576K
}
Event: 9.001 GC heap before
{Heap before GC invocations=6 (full 0):
 garbage-first heap   total 81920K, used 63835K [0x0000000081c00000, 0x0000000100000000)
  region size 1024K, 46 young (47104K), 7 survivors (7168K)
 Metaspace       used 25947K, committed 26240K, reserved 1114112K
  class space    used 3022K, committed 3136K, reserved 1048576K
}
Event: 9.036 GC heap after
{Heap after GC invocations=7 (full 0):
 garbage-first heap   total 86016K, used 35737K [0x0000000081c00000, 0x0000000100000000)
  region size 1024K, 6 young (6144K), 6 survivors (6144K)
 Metaspace       used 25947K, committed 26240K, reserved 1114112K
  class space    used 3022K, committed 3136K, reserved 1048576K
}
Event: 9.069 GC heap before
{Heap before GC invocations=7 (full 0):
 garbage-first heap   total 86016K, used 36761K [0x0000000081c00000, 0x0000000100000000)
  region size 1024K, 7 young (7168K), 6 survivors (6144K)
 Metaspace       used 25970K, committed 26304K, reserved 1114112K
  class space    used 3022K, committed 3136K, reserved 1048576K
}
Event: 9.082 GC heap after
{Heap after GC invocations=8 (full 0):
 garbage-first heap   total 86016K, used 37376K [0x0000000081c00000, 0x0000000100000000)
  region size 1024K, 1 young (1024K), 1 survivors (1024K)
 Metaspace       used 25970K, committed 26304K, reserved 1114112K
  class space    used 3022K, committed 3136K, reserved 1048576K
}
Event: 10.084 GC heap before
{Heap before GC invocations=8 (full 0):
 garbage-first heap   total 86016K, used 57856K [0x0000000081c00000, 0x0000000100000000)
  region size 1024K, 21 young (21504K), 1 survivors (1024K)
 Metaspace       used 27321K, committed 27648K, reserved 1114112K
  class space    used 3184K, committed 3328K, reserved 1048576K
}
Event: 10.094 GC heap after
{Heap after GC invocations=9 (full 0):
 garbage-first heap   total 86016K, used 44032K [0x0000000081c00000, 0x0000000100000000)
  region size 1024K, 4 young (4096K), 4 survivors (4096K)
 Metaspace       used 27321K, committed 27648K, reserved 1114112K
  class space    used 3184K, committed 3328K, reserved 1048576K
}
Event: 10.482 GC heap before
{Heap before GC invocations=10 (full 0):
 garbage-first heap   total 86016K, used 63488K [0x0000000081c00000, 0x0000000100000000)
  region size 1024K, 23 young (23552K), 4 survivors (4096K)
 Metaspace       used 27372K, committed 27648K, reserved 1114112K
  class space    used 3184K, committed 3328K, reserved 1048576K
}
Event: 10.497 GC heap after
{Heap after GC invocations=11 (full 0):
 garbage-first heap   total 86016K, used 54081K [0x0000000081c00000, 0x0000000100000000)
  region size 1024K, 3 young (3072K), 3 survivors (3072K)
 Metaspace       used 27372K, committed 27648K, reserved 1114112K
  class space    used 3184K, committed 3328K, reserved 1048576K
}
Event: 10.514 GC heap before
{Heap before GC invocations=11 (full 0):
 garbage-first heap   total 86016K, used 55105K [0x0000000081c00000, 0x0000000100000000)
  region size 1024K, 4 young (4096K), 3 survivors (3072K)
 Metaspace       used 27372K, committed 27648K, reserved 1114112K
  class space    used 3184K, committed 3328K, reserved 1048576K
}
Event: 10.524 GC heap after
{Heap after GC invocations=12 (full 0):
 garbage-first heap   total 172032K, used 46611K [0x0000000081c00000, 0x0000000100000000)
  region size 1024K, 1 young (1024K), 1 survivors (1024K)
 Metaspace       used 27372K, committed 27648K, reserved 1114112K
  class space    used 3184K, committed 3328K, reserved 1048576K
}
Event: 12.330 GC heap before
{Heap before GC invocations=12 (full 0):
 garbage-first heap   total 172032K, used 103955K [0x0000000081c00000, 0x0000000100000000)
  region size 1024K, 57 young (58368K), 1 survivors (1024K)
 Metaspace       used 28758K, committed 29120K, reserved 1114112K
  class space    used 3355K, committed 3520K, reserved 1048576K
}
Event: 12.337 GC heap after
{Heap after GC invocations=13 (full 0):
 garbage-first heap   total 172032K, used 50073K [0x0000000081c00000, 0x0000000100000000)
  region size 1024K, 5 young (5120K), 5 survivors (5120K)
 Metaspace       used 28758K, committed 29120K, reserved 1114112K
  class space    used 3355K, committed 3520K, reserved 1048576K
}

